<?xml version="1.0" encoding="UTF-8"?>
<!-- Generated by org.testng.reporters.JUnitReportReporter -->
<testsuite skipped="0" hostname="DESKTOP-S4R4SLE" name="utils.ExcelDateProvider" tests="2" failures="0" timestamp="24 Aug 2021 22:15:05 GMT" time="19.443" errors="0">
  <testcase name="testLoginIncorrect" time="7.289" classname="utils.ExcelDateProvider"/>
  <testcase name="testLoginCorrect" time="12.154" classname="utils.ExcelDateProvider"/>
</testsuite> <!-- utils.ExcelDateProvider -->
