<?xml version="1.0" encoding="UTF-8"?>
<!-- Generated by org.testng.reporters.JUnitReportReporter -->
<testsuite hostname="DESKTOP-S4R4SLE" failures="0" tests="2" name="utils.ExcelDateProvider" time="18.511" errors="0" timestamp="2021-08-24T22:30:44 BST" skipped="0">
  <testcase classname="utils.ExcelDateProvider" name="testLoginCorrect" time="11.821"/>
  <system-out/>
  <testcase classname="utils.ExcelDateProvider" name="testLoginIncorrect" time="6.690"/>
  <system-out/>
</testsuite> <!-- utils.ExcelDateProvider -->
