<?xml version="1.0" encoding="UTF-8"?>
<!-- Generated by org.testng.reporters.JUnitReportReporter -->
<testsuite hostname="DESKTOP-S4R4SLE" failures="0" tests="3" name="listeners.TestNGListenerDemo2" time="0.003" errors="0" timestamp="2021-07-25T02:25:04 BST" skipped="1">
  <testcase classname="listeners.TestNGListenerDemo2" name="test6" time="0.001">
    <skipped/>
  </testcase> <!-- test6 -->
  <system-out/>
  <testcase classname="listeners.TestNGListenerDemo2" name="test4" time="0.001"/>
  <system-out/>
  <testcase classname="listeners.TestNGListenerDemo2" name="test5" time="0.001"/>
  <system-out/>
</testsuite> <!-- listeners.TestNGListenerDemo2 -->
