<?xml version="1.0" encoding="UTF-8"?>
<!-- Generated by org.testng.reporters.JUnitReportReporter -->
<testsuite hostname="DESKTOP-S4R4SLE" failures="0" tests="1" name="test.TestNG_Demo2" time="3.867" errors="0" timestamp="2021-07-22T12:42:36 BST" skipped="0">
  <testcase classname="test.TestNG_Demo2" name="googleSearch3" time="3.867"/>
  <system-out/>
</testsuite> <!-- test.TestNG_Demo2 -->
