<?xml version="1.0" encoding="UTF-8"?>
<!-- Generated by org.testng.reporters.JUnitReportReporter -->
<testsuite hostname="DESKTOP-S4R4SLE" failures="0" tests="2" name="test.ExtentReportsDemoWithTestNG" time="3.422" errors="0" timestamp="2021-07-26T00:24:35 BST" skipped="0">
  <testcase classname="test.ExtentReportsDemoWithTestNG" name="test2" time="0.011"/>
  <system-out/>
  <testcase classname="test.ExtentReportsDemoWithTestNG" name="test1" time="3.411"/>
  <system-out/>
</testsuite> <!-- test.ExtentReportsDemoWithTestNG -->
