<?xml version="1.0" encoding="UTF-8"?>
<!-- Generated by org.testng.reporters.JUnitReportReporter -->
<testsuite skipped="0" hostname="DESKTOP-S4R4SLE" name="utils.ExcelDateProvider" tests="2" failures="0" timestamp="24 Aug 2021 21:32:35 GMT" time="18.858" errors="0">
  <testcase name="testLoginIncorrect" time="6.804" classname="utils.ExcelDateProvider"/>
  <testcase name="testLoginCorrect" time="12.054" classname="utils.ExcelDateProvider"/>
</testsuite> <!-- utils.ExcelDateProvider -->
